2015/11/28 13:53:09 [asm_amd64.s:1696] [I] http server Running on :8080
2015/11/28 13:53:42 [asm_amd64.s:1696] [I] http server Running on :8080
2015/11/28 13:54:13 [asm_amd64.s:1696] [I] http server Running on :8080
2015/11/28 13:54:15 [router.go:854] [D] | GET        | /manager/article/all                     | 1.252493ms       | match      | /manager/article/:type:string            | 
2015/11/28 13:54:15 [router.go:854] [D] | GET        | /manager/login                           | 8.826777ms       | match      | /manager/login                           | 
2015/11/28 13:54:15 [router.go:854] [D] | GET        | /captcha/ai6NF7hPzzwU49N.png             | 14.596359ms      | notmatch   | 
2015/11/28 13:54:16 [router.go:854] [D] | GET        | /manager/login                           | 3.791698ms       | match      | /manager/login                           | 
2015/11/28 13:54:16 [router.go:854] [D] | GET        | /captcha/kK2BVomRyNK3VWF.png             | 3.153865ms       | notmatch   | 
2015/11/28 13:54:16 [router.go:854] [D] | GET        | /manager/login                           | 7.401795ms       | match      | /manager/login                           | 
2015/11/28 13:54:16 [router.go:854] [D] | GET        | /captcha/MBKBEJE8VS20r91.png             | 1.400173ms       | notmatch   | 
2015/11/28 13:54:17 [router.go:854] [D] | GET        | /manager/login                           | 9.363806ms       | match      | /manager/login                           | 
2015/11/28 13:54:17 [router.go:854] [D] | GET        | /captcha/yzEtujKrVXRMqJz.png             | 1.360746ms       | notmatch   | 
2015/11/28 13:54:18 [router.go:854] [D] | GET        | /manager/login                           | 5.889085ms       | match      | /manager/login                           | 
2015/11/28 13:54:18 [router.go:854] [D] | GET        | /captcha/1jb1OA5Bk08MBYQ.png             | 2.204544ms       | notmatch   | 
2015/11/28 13:54:19 [router.go:854] [D] | GET        | /manager/login                           | 5.202235ms       | match      | /manager/login                           | 
2015/11/28 13:54:19 [router.go:854] [D] | GET        | /captcha/Aqm9m72Dot2X5Zw.png             | 1.353241ms       | notmatch   | 
2015/11/28 13:54:20 [router.go:854] [D] | GET        | /manager/login                           | 11.444422ms      | match      | /manager/login                           | 
2015/11/28 13:54:20 [router.go:854] [D] | GET        | /captcha/mvy4F5wGBMIZydH.png             | 5.617525ms       | notmatch   | 
2015/11/28 13:54:20 [router.go:854] [D] | GET        | /manager/login                           | 3.633337ms       | match      | /manager/login                           | 
2015/11/28 13:54:20 [router.go:854] [D] | GET        | /captcha/ZAKLD68IvC5BMZt.png             | 7.543483ms       | notmatch   | 
2015/11/28 13:54:25 [router.go:854] [D] | POST       | /manager/login                           | 484.337µs        | match      | /manager/login                           | 
2015/11/28 13:54:26 [router.go:854] [D] | GET        | /manager                                 | 9.69165ms        | match      | /manager                                 | 
2015/11/28 13:54:26 [router.go:854] [D] | GET        | /manager                                 | 8.455744ms       | match      | /manager                                 | 
2015/11/28 13:54:27 [router.go:854] [D] | GET        | /manager                                 | 14.193389ms      | match      | /manager                                 | 
2015/11/28 13:54:28 [router.go:854] [D] | GET        | /manager/article/all                     | 7.267558ms       | match      | /manager/article/:type:string            | 
2015/11/28 13:54:30 [router.go:854] [D] | GET        | /manager/article/create                  | 6.731003ms       | match      | /manager/article/create                  | 
2015/11/28 13:54:31 [router.go:854] [D] | GET        | /manager/article/trash                   | 6.225482ms       | match      | /manager/article/:type:string            | 
2015/11/28 13:54:33 [router.go:854] [D] | GET        | /manager/article/trash                   | 10.488132ms      | match      | /manager/article/:type:string            | 
2015/11/28 13:54:43 [router.go:854] [D] | GET        | /manager/article/create                  | 12.750744ms      | match      | /manager/article/create                  | 
2015/11/28 14:01:33 [asm_amd64.s:1696] [I] http server Running on :8080
2015/11/28 14:01:36 [router.go:854] [D] | GET        | /manager                                 | 457.9µs          | match      | /manager                                 | 
2015/11/28 14:01:36 [router.go:854] [D] | GET        | /manager/login                           | 4.390873ms       | match      | /manager/login                           | 
2015/11/28 14:01:36 [router.go:854] [D] | GET        | /captcha/e1ycxiamfGErHZX.png             | 1.246036ms       | notmatch   | 
2015/11/28 14:01:39 [router.go:854] [D] | GET        | /                                        | 4.381362ms       | match      | /                                        | 
2015/11/28 14:01:39 [router.go:854] [D] | GET        | /staitc/css/bootstrap.min.css            | 3.340201ms       | notmatch   | 
2015/11/28 14:01:40 [router.go:854] [D] | GET        | /                                        | 5.015594ms       | match      | /                                        | 
2015/11/28 14:01:41 [router.go:854] [D] | GET        | /staitc/css/bootstrap.min.css            | 3.418826ms       | notmatch   | 
2015/11/28 14:01:43 [router.go:854] [D] | GET        | /staitc/css/bootstrap.min.css            | 3.28958ms        | notmatch   | 
2015/11/28 14:02:02 [router.go:854] [D] | GET        | /                                        | 9.357469ms       | match      | /                                        | 
2015/11/28 14:02:32 [router.go:854] [D] | GET        | /                                        | 4.608142ms       | match      | /                                        | 
2015/11/28 14:03:30 [router.go:854] [D] | GET        | /                                        | 5.802255ms       | match      | /                                        | 
2015/11/28 14:03:31 [router.go:854] [D] | GET        | /                                        | 5.034263ms       | match      | /                                        | 
2015/11/28 14:03:31 [router.go:854] [D] | GET        | /                                        | 8.808345ms       | match      | /                                        | 
2015/11/28 14:05:43 [router.go:854] [D] | GET        | /                                        | 8.990385ms       | match      | /                                        | 
2015/11/28 14:06:03 [router.go:854] [D] | GET        | /                                        | 6.132377ms       | match      | /                                        | 
2015/11/28 14:07:04 [router.go:854] [D] | GET        | /                                        | 6.369025ms       | match      | /                                        | 
2015/11/28 14:07:05 [router.go:854] [D] | GET        | /                                        | 8.302741ms       | match      | /                                        | 
2015/11/28 14:07:05 [router.go:854] [D] | GET        | /                                        | 4.529064ms       | match      | /                                        | 
2015/11/28 14:07:32 [router.go:854] [D] | GET        | /                                        | 4.86548ms        | match      | /                                        | 
2015/11/28 14:09:30 [router.go:854] [D] | GET        | /                                        | 8.576666ms       | match      | /                                        | 
2015/11/28 14:09:48 [router.go:854] [D] | GET        | /                                        | 5.580967ms       | match      | /                                        | 
2015/11/28 14:09:57 [router.go:854] [D] | GET        | /                                        | 15.174401ms      | match      | /                                        | 
2015/11/28 14:10:07 [router.go:854] [D] | GET        | /                                        | 4.974414ms       | match      | /                                        | 
2015/11/28 14:10:15 [router.go:854] [D] | GET        | /                                        | 9.470051ms       | match      | /                                        | 
2015/11/28 14:10:35 [router.go:854] [D] | GET        | /                                        | 5.74493ms        | match      | /                                        | 
2015/11/28 14:11:20 [router.go:854] [D] | GET        | /                                        | 5.043973ms       | match      | /                                        | 
2015/11/28 14:11:20 [router.go:854] [D] | GET        | /                                        | 6.500152ms       | match      | /                                        | 
2015/11/28 14:11:20 [router.go:854] [D] | GET        | /                                        | 5.231213ms       | match      | /                                        | 
2015/11/28 14:11:20 [router.go:854] [D] | GET        | /                                        | 7.705176ms       | match      | /                                        | 
2015/11/28 14:12:41 [router.go:854] [D] | GET        | /                                        | 8.635496ms       | match      | /                                        | 
2015/11/28 14:12:47 [router.go:854] [D] | GET        | /                                        | 11.643289ms      | match      | /                                        | 
2015/11/28 14:13:42 [router.go:854] [D] | GET        | /                                        | 7.426626ms       | match      | /                                        | 
2015/11/28 14:17:51 [router.go:854] [D] | GET        | /                                        | 5.155435ms       | match      | /                                        | 
2015/11/28 14:18:00 [router.go:854] [D] | GET        | /                                        | 7.141454ms       | match      | /                                        | 
2015/11/28 14:18:01 [router.go:854] [D] | GET        | /                                        | 10.349505ms      | match      | /                                        | 
2015/11/28 14:19:29 [router.go:854] [D] | GET        | /                                        | 10.136642ms      | match      | /                                        | 
2015/11/28 14:19:30 [router.go:854] [D] | GET        | /                                        | 7.895467ms       | match      | /                                        | 
2015/11/28 14:19:57 [router.go:854] [D] | GET        | /                                        | 11.382002ms      | match      | /                                        | 
2015/11/28 14:19:58 [router.go:854] [D] | GET        | /                                        | 6.217561ms       | match      | /                                        | 
2015/11/28 14:20:44 [router.go:854] [D] | GET        | /                                        | 3.514429ms       | match      | /                                        | 
2015/11/28 14:20:51 [router.go:854] [D] | GET        | /                                        | 9.664351ms       | match      | /                                        | 
2015/11/28 14:21:17 [router.go:854] [D] | GET        | /                                        | 5.152475ms       | match      | /                                        | 
2015/11/28 14:21:46 [router.go:854] [D] | GET        | /                                        | 9.041458ms       | match      | /                                        | 
2015/11/28 14:21:47 [router.go:854] [D] | GET        | /                                        | 12.931281ms      | match      | /                                        | 
2015/11/28 14:21:55 [router.go:854] [D] | GET        | /                                        | 3.852667ms       | match      | /                                        | 
2015/11/28 14:21:56 [router.go:854] [D] | GET        | /                                        | 7.542557ms       | match      | /                                        | 
2015/11/28 14:21:56 [router.go:854] [D] | GET        | /                                        | 5.218913ms       | match      | /                                        | 
2015/11/28 14:22:56 [router.go:854] [D] | GET        | /                                        | 8.17018ms        | match      | /                                        | 
2015/11/28 14:22:57 [router.go:854] [D] | GET        | /                                        | 8.108916ms       | match      | /                                        | 
2015/11/28 14:22:57 [router.go:854] [D] | GET        | /                                        | 9.446364ms       | match      | /                                        | 
2015/11/28 14:22:58 [router.go:854] [D] | GET        | /                                        | 8.249511ms       | match      | /                                        | 
2015/11/28 14:23:48 [router.go:854] [D] | GET        | /                                        | 6.661127ms       | match      | /                                        | 
2015/11/28 14:23:48 [router.go:854] [D] | GET        | /                                        | 11.987612ms      | match      | /                                        | 
2015/11/28 14:23:49 [router.go:854] [D] | GET        | /                                        | 8.53227ms        | match      | /                                        | 
2015/11/28 14:23:49 [router.go:854] [D] | GET        | /                                        | 7.585829ms       | match      | /                                        | 
2015/11/28 14:23:52 [router.go:854] [D] | GET        | /                                        | 11.416442ms      | match      | /                                        | 
2015/11/28 14:25:09 [router.go:854] [D] | GET        | /                                        | 5.654611ms       | match      | /                                        | 
2015/11/28 14:25:10 [router.go:854] [D] | GET        | /                                        | 11.217624ms      | match      | /                                        | 
2015/11/28 14:25:10 [router.go:854] [D] | GET        | /                                        | 6.59076ms        | match      | /                                        | 
2015/11/28 14:25:10 [router.go:854] [D] | GET        | /                                        | 8.541688ms       | match      | /                                        | 
2015/11/28 14:39:49 [asm_amd64.s:1696] [I] http server Running on :8080
2015/11/28 14:39:57 [router.go:854] [D] | GET        | /manager/article/create                  | 749.915µs        | match      | /manager/article/create                  | 
2015/11/28 14:39:57 [router.go:854] [D] | GET        | /manager/login                           | 14.20646ms       | match      | /manager/login                           | 
2015/11/28 14:39:57 [router.go:854] [D] | GET        | /captcha/hRK959n2ToaeqUe.png             | 2.55222ms        | notmatch   | 
2015/11/28 14:40:02 [router.go:854] [D] | POST       | /manager/login                           | 673.408µs        | match      | /manager/login                           | 
2015/11/28 14:40:03 [router.go:854] [D] | GET        | /manager                                 | 7.681613ms       | match      | /manager                                 | 
2015/11/28 14:40:04 [router.go:854] [D] | GET        | /manager                                 | 13.929849ms      | match      | /manager                                 | 
2015/11/28 14:40:05 [router.go:854] [D] | GET        | /manager/article/all                     | 6.644349ms       | match      | /manager/article/:type:string            | 
2015/11/28 14:40:07 [router.go:854] [D] | GET        | /                                        | 9.690876ms       | match      | /                                        | 
2015/11/28 14:40:08 [router.go:854] [D] | GET        | /                                        | 6.651494ms       | match      | /                                        | 
2015/11/28 14:40:08 [router.go:854] [D] | GET        | /                                        | 4.987691ms       | match      | /                                        | 
2015/11/28 14:40:08 [router.go:854] [D] | GET        | /                                        | 9.60767ms        | match      | /                                        | 
2015/11/28 14:41:51 [asm_amd64.s:1696] [I] http server Running on :8080
2015/11/28 14:42:04 [router.go:854] [D] | GET        | /                                        | 12.62957ms       | match      | /                                        | 
